2020-03-15 04:00:00 info: ############# crontab START ##################
2020-03-15 04:00:00 info: Successfully loaded admin from persistence
2020-03-15 04:00:00 info: Query has completed, checking results
2020-03-15 04:00:00 info: Current Block Height : 8
2020-03-15 04:00:00 info: ############# crontab END ################## 

2020-03-15 14:23:00 info: ############# crontab START ##################
2020-03-15 14:23:00 info: Successfully loaded admin from persistence
2020-03-15 14:23:00 info: Query has completed, checking results
2020-03-15 14:23:00 info: Current Block Height : 8
2020-03-15 14:23:00 info: ############# crontab END ################## 

2020-03-15 14:24:00 info: ############# crontab START ##################
2020-03-15 14:24:00 info: Successfully loaded admin from persistence
2020-03-15 14:24:00 info: Query has completed, checking results
2020-03-15 14:24:00 info: Current Block Height : 8
2020-03-15 14:24:00 info: ############# crontab END ################## 

2020-03-15 14:25:00 info: ############# crontab START ##################
2020-03-15 14:25:00 info: Successfully loaded admin from persistence
2020-03-15 14:25:00 info: Query has completed, checking results
2020-03-15 14:25:00 info: Current Block Height : 8
2020-03-15 14:25:00 info: ############# crontab END ################## 

2020-03-15 14:26:00 info: ############# crontab START ##################
2020-03-15 14:26:00 info: Successfully loaded admin from persistence
2020-03-15 14:26:00 info: Query has completed, checking results
2020-03-15 14:26:00 info: Current Block Height : 8
2020-03-15 14:26:00 info: ############# crontab END ################## 

2020-03-15 14:27:00 info: ############# crontab START ##################
2020-03-15 14:27:00 info: Successfully loaded admin from persistence
2020-03-15 14:27:00 info: Query has completed, checking results
2020-03-15 14:27:00 info: Current Block Height : 8
2020-03-15 14:27:00 info: ############# crontab END ################## 

2020-03-15 14:28:00 info: ############# crontab START ##################
2020-03-15 14:28:00 info: Successfully loaded admin from persistence
2020-03-15 14:28:00 info: Query has completed, checking results
2020-03-15 14:28:00 info: Current Block Height : 8
2020-03-15 14:28:00 info: ############# crontab END ################## 

2020-03-15 14:29:00 info: ############# crontab START ##################
2020-03-15 14:29:00 info: Successfully loaded admin from persistence
2020-03-15 14:29:00 info: Query has completed, checking results
2020-03-15 14:29:00 info: Current Block Height : 8
2020-03-15 14:29:00 info: ############# crontab END ################## 

2020-03-15 14:30:00 info: ############# crontab START ##################
2020-03-15 14:30:00 info: Successfully loaded admin from persistence
2020-03-15 14:30:00 info: Query has completed, checking results
2020-03-15 14:30:00 info: Current Block Height : 8
2020-03-15 14:30:00 info: ############# crontab END ################## 

2020-03-15 14:31:00 info: ############# crontab START ##################
2020-03-15 14:31:00 info: Successfully loaded admin from persistence
2020-03-15 14:31:00 info: Query has completed, checking results
2020-03-15 14:31:00 info: Current Block Height : 8
2020-03-15 14:31:00 info: ############# crontab END ################## 

2020-03-15 14:32:00 info: ############# crontab START ##################
2020-03-15 14:32:00 info: Successfully loaded admin from persistence
2020-03-15 14:32:00 info: Query has completed, checking results
2020-03-15 14:32:00 info: Current Block Height : 8
2020-03-15 14:32:00 info: ############# crontab END ################## 

2020-03-15 14:33:00 info: ############# crontab START ##################
2020-03-15 14:33:00 info: Successfully loaded admin from persistence
2020-03-15 14:33:00 info: Query has completed, checking results
2020-03-15 14:33:00 info: Current Block Height : 8
2020-03-15 14:33:00 info: ############# crontab END ################## 

2020-03-15 14:34:00 info: ############# crontab START ##################
2020-03-15 14:34:00 info: Successfully loaded admin from persistence
2020-03-15 14:34:00 info: Query has completed, checking results
2020-03-15 14:34:00 info: Current Block Height : 8
2020-03-15 14:34:00 info: ############# crontab END ################## 

2020-03-15 14:35:00 info: ############# crontab START ##################
2020-03-15 14:35:00 info: Successfully loaded admin from persistence
2020-03-15 14:35:00 info: Query has completed, checking results
2020-03-15 14:35:00 info: Current Block Height : 8
2020-03-15 14:35:00 info: ############# crontab END ################## 

2020-03-15 14:36:00 info: ############# crontab START ##################
2020-03-15 14:36:00 info: Successfully loaded admin from persistence
2020-03-15 14:36:00 info: Query has completed, checking results
2020-03-15 14:36:00 info: Current Block Height : 8
2020-03-15 14:36:00 info: ############# crontab END ################## 

2020-03-15 14:37:00 info: ############# crontab START ##################
2020-03-15 14:37:00 info: Successfully loaded admin from persistence
2020-03-15 14:37:00 info: Query has completed, checking results
2020-03-15 14:37:00 info: Current Block Height : 8
2020-03-15 14:37:00 info: ############# crontab END ################## 

2020-03-15 14:38:00 info: ############# crontab START ##################
2020-03-15 14:38:00 info: Successfully loaded admin from persistence
2020-03-15 14:38:00 info: Query has completed, checking results
2020-03-15 14:38:00 info: Current Block Height : 8
2020-03-15 14:38:00 info: ############# crontab END ################## 

2020-03-15 14:39:00 info: ############# crontab START ##################
2020-03-15 14:39:00 info: Successfully loaded admin from persistence
2020-03-15 14:39:00 info: Query has completed, checking results
2020-03-15 14:39:00 info: Current Block Height : 8
2020-03-15 14:39:00 info: ############# crontab END ################## 

2020-03-15 14:40:00 info: ############# crontab START ##################
2020-03-15 14:40:00 info: Successfully loaded admin from persistence
2020-03-15 14:40:00 info: Query has completed, checking results
2020-03-15 14:40:00 info: Current Block Height : 8
2020-03-15 14:40:00 info: ############# crontab END ################## 

2020-03-15 14:41:00 info: ############# crontab START ##################
2020-03-15 14:41:00 info: Successfully loaded admin from persistence
2020-03-15 14:41:00 info: Query has completed, checking results
2020-03-15 14:41:00 info: Current Block Height : 8
2020-03-15 14:41:00 info: ############# crontab END ################## 

2020-03-15 14:42:00 info: ############# crontab START ##################
2020-03-15 14:42:00 info: Successfully loaded admin from persistence
2020-03-15 14:42:00 info: Query has completed, checking results
2020-03-15 14:42:00 info: Current Block Height : 8
2020-03-15 14:42:00 info: ############# crontab END ################## 

