2020-03-03 17:04:00 info: ############# crontab START ##################
2020-03-03 17:04:00 info: Successfully loaded admin from persistence
2020-03-03 17:04:00 error: Error: access denied for [GetChainInfo][allchannel]: [Failed evaluating policy on signed data during check policy on channel [allchannel] with policy [/Channel/Application/Readers]: [implicit policy evaluation failed - 0 sub-policies were satisfied, but this policy requires 1 of the 'Readers' sub-policies to be satisfied]]
2020-03-03 17:04:00 error: [object Object]
2020-03-03 17:04:00 info: Current Block Height : undefined
2020-03-03 17:04:00 info: ############# crontab END ################## 

2020-03-03 17:05:00 info: ############# crontab START ##################
2020-03-03 17:05:00 info: Successfully loaded admin from persistence
2020-03-03 17:05:00 error: Error: access denied for [GetChainInfo][allchannel]: [Failed evaluating policy on signed data during check policy on channel [allchannel] with policy [/Channel/Application/Readers]: [implicit policy evaluation failed - 0 sub-policies were satisfied, but this policy requires 1 of the 'Readers' sub-policies to be satisfied]]
2020-03-03 17:05:00 error: [object Object]
2020-03-03 17:05:00 info: Current Block Height : undefined
2020-03-03 17:05:00 info: ############# crontab END ################## 

2020-03-03 17:06:00 info: ############# crontab START ##################
2020-03-03 17:06:00 info: Successfully loaded admin from persistence
2020-03-03 17:06:00 error: Error: access denied for [GetChainInfo][allchannel]: [Failed evaluating policy on signed data during check policy on channel [allchannel] with policy [/Channel/Application/Readers]: [implicit policy evaluation failed - 0 sub-policies were satisfied, but this policy requires 1 of the 'Readers' sub-policies to be satisfied]]
2020-03-03 17:06:00 error: [object Object]
2020-03-03 17:06:00 info: Current Block Height : undefined
2020-03-03 17:06:00 info: ############# crontab END ################## 

2020-03-03 17:07:00 info: ############# crontab START ##################
2020-03-03 17:07:00 info: Successfully loaded admin from persistence
2020-03-03 17:07:00 error: Error: access denied for [GetChainInfo][allchannel]: [Failed evaluating policy on signed data during check policy on channel [allchannel] with policy [/Channel/Application/Readers]: [implicit policy evaluation failed - 0 sub-policies were satisfied, but this policy requires 1 of the 'Readers' sub-policies to be satisfied]]
2020-03-03 17:07:00 error: [object Object]
2020-03-03 17:07:00 info: Current Block Height : undefined
2020-03-03 17:07:00 info: ############# crontab END ################## 

2020-03-03 17:08:00 info: ############# crontab START ##################
2020-03-03 17:08:00 info: Successfully loaded admin from persistence
2020-03-03 17:08:00 error: Error: access denied for [GetChainInfo][allchannel]: [Failed evaluating policy on signed data during check policy on channel [allchannel] with policy [/Channel/Application/Readers]: [implicit policy evaluation failed - 0 sub-policies were satisfied, but this policy requires 1 of the 'Readers' sub-policies to be satisfied]]
2020-03-03 17:08:00 error: [object Object]
2020-03-03 17:08:00 info: Current Block Height : undefined
2020-03-03 17:08:00 info: ############# crontab END ################## 

2020-03-03 17:09:00 info: ############# crontab START ##################
2020-03-03 17:09:00 info: Successfully loaded admin from persistence
2020-03-03 17:09:00 error: Error: access denied for [GetChainInfo][allchannel]: [Failed evaluating policy on signed data during check policy on channel [allchannel] with policy [/Channel/Application/Readers]: [implicit policy evaluation failed - 0 sub-policies were satisfied, but this policy requires 1 of the 'Readers' sub-policies to be satisfied]]
2020-03-03 17:09:00 error: [object Object]
2020-03-03 17:09:00 info: Current Block Height : undefined
2020-03-03 17:09:00 info: ############# crontab END ################## 

2020-03-03 17:10:00 info: ############# crontab START ##################
2020-03-03 17:10:00 info: Successfully loaded admin from persistence
2020-03-03 17:10:00 error: Error: access denied for [GetChainInfo][allchannel]: [Failed evaluating policy on signed data during check policy on channel [allchannel] with policy [/Channel/Application/Readers]: [implicit policy evaluation failed - 0 sub-policies were satisfied, but this policy requires 1 of the 'Readers' sub-policies to be satisfied]]
2020-03-03 17:10:00 error: [object Object]
2020-03-03 17:10:00 info: Current Block Height : undefined
2020-03-03 17:10:00 info: ############# crontab END ################## 

2020-03-03 17:11:00 info: ############# crontab START ##################
2020-03-03 17:11:00 info: Successfully loaded admin from persistence
2020-03-03 17:11:00 error: Error: access denied for [GetChainInfo][allchannel]: [Failed evaluating policy on signed data during check policy on channel [allchannel] with policy [/Channel/Application/Readers]: [implicit policy evaluation failed - 0 sub-policies were satisfied, but this policy requires 1 of the 'Readers' sub-policies to be satisfied]]
2020-03-03 17:11:00 error: [object Object]
2020-03-03 17:11:00 info: Current Block Height : undefined
2020-03-03 17:11:00 info: ############# crontab END ################## 

2020-03-03 17:12:00 info: ############# crontab START ##################
2020-03-03 17:12:00 info: Successfully loaded admin from persistence
2020-03-03 17:12:00 error: Error: access denied for [GetChainInfo][allchannel]: [Failed evaluating policy on signed data during check policy on channel [allchannel] with policy [/Channel/Application/Readers]: [implicit policy evaluation failed - 0 sub-policies were satisfied, but this policy requires 1 of the 'Readers' sub-policies to be satisfied]]
2020-03-03 17:12:00 error: [object Object]
2020-03-03 17:12:00 info: Current Block Height : undefined
2020-03-03 17:12:00 info: ############# crontab END ################## 

2020-03-03 17:13:00 info: ############# crontab START ##################
2020-03-03 17:13:00 info: Successfully loaded admin from persistence
2020-03-03 17:13:00 error: Error: access denied for [GetChainInfo][allchannel]: [Failed evaluating policy on signed data during check policy on channel [allchannel] with policy [/Channel/Application/Readers]: [implicit policy evaluation failed - 0 sub-policies were satisfied, but this policy requires 1 of the 'Readers' sub-policies to be satisfied]]
2020-03-03 17:13:00 error: [object Object]
2020-03-03 17:13:00 info: Current Block Height : undefined
2020-03-03 17:13:00 info: ############# crontab END ################## 

2020-03-03 17:14:00 info: ############# crontab START ##################
2020-03-03 17:14:00 info: Successfully loaded admin from persistence
2020-03-03 17:14:00 error: Error: access denied for [GetChainInfo][allchannel]: [Failed evaluating policy on signed data during check policy on channel [allchannel] with policy [/Channel/Application/Readers]: [implicit policy evaluation failed - 0 sub-policies were satisfied, but this policy requires 1 of the 'Readers' sub-policies to be satisfied]]
2020-03-03 17:14:00 error: [object Object]
2020-03-03 17:14:00 info: Current Block Height : undefined
2020-03-03 17:14:00 info: ############# crontab END ################## 

2020-03-03 17:15:00 info: ############# crontab START ##################
2020-03-03 17:15:00 info: Successfully loaded admin from persistence
2020-03-03 17:15:00 error: Error: access denied for [GetChainInfo][allchannel]: [Failed evaluating policy on signed data during check policy on channel [allchannel] with policy [/Channel/Application/Readers]: [implicit policy evaluation failed - 0 sub-policies were satisfied, but this policy requires 1 of the 'Readers' sub-policies to be satisfied]]
2020-03-03 17:15:00 error: [object Object]
2020-03-03 17:15:00 info: Current Block Height : undefined
2020-03-03 17:15:00 info: ############# crontab END ################## 

2020-03-03 17:16:00 info: ############# crontab START ##################
2020-03-03 17:16:00 info: Successfully loaded admin from persistence
2020-03-03 17:16:00 error: Error: access denied for [GetChainInfo][allchannel]: [Failed evaluating policy on signed data during check policy on channel [allchannel] with policy [/Channel/Application/Readers]: [implicit policy evaluation failed - 0 sub-policies were satisfied, but this policy requires 1 of the 'Readers' sub-policies to be satisfied]]
2020-03-03 17:16:00 error: [object Object]
2020-03-03 17:16:00 info: Current Block Height : undefined
2020-03-03 17:16:00 info: ############# crontab END ################## 

2020-03-03 17:17:00 info: ############# crontab START ##################
2020-03-03 17:17:00 info: Successfully loaded admin from persistence
2020-03-03 17:17:00 error: Error: access denied for [GetChainInfo][allchannel]: [Failed evaluating policy on signed data during check policy on channel [allchannel] with policy [/Channel/Application/Readers]: [implicit policy evaluation failed - 0 sub-policies were satisfied, but this policy requires 1 of the 'Readers' sub-policies to be satisfied]]
2020-03-03 17:17:00 error: [object Object]
2020-03-03 17:17:00 info: Current Block Height : undefined
2020-03-03 17:17:00 info: ############# crontab END ################## 

2020-03-03 17:18:00 info: ############# crontab START ##################
2020-03-03 17:18:00 info: Successfully loaded admin from persistence
2020-03-03 17:18:00 error: Error: access denied for [GetChainInfo][allchannel]: [Failed evaluating policy on signed data during check policy on channel [allchannel] with policy [/Channel/Application/Readers]: [implicit policy evaluation failed - 0 sub-policies were satisfied, but this policy requires 1 of the 'Readers' sub-policies to be satisfied]]
2020-03-03 17:18:00 error: [object Object]
2020-03-03 17:18:00 info: Current Block Height : undefined
2020-03-03 17:18:00 info: ############# crontab END ################## 

2020-03-03 17:19:00 info: ############# crontab START ##################
2020-03-03 17:19:00 info: Successfully loaded admin from persistence
2020-03-03 17:19:00 error: Error: access denied for [GetChainInfo][allchannel]: [Failed evaluating policy on signed data during check policy on channel [allchannel] with policy [/Channel/Application/Readers]: [implicit policy evaluation failed - 0 sub-policies were satisfied, but this policy requires 1 of the 'Readers' sub-policies to be satisfied]]
2020-03-03 17:19:00 error: [object Object]
2020-03-03 17:19:00 info: Current Block Height : undefined
2020-03-03 17:19:00 info: ############# crontab END ################## 

2020-03-03 17:20:00 info: ############# crontab START ##################
2020-03-03 17:20:00 info: Successfully loaded admin from persistence
2020-03-03 17:20:00 error: Error: access denied for [GetChainInfo][allchannel]: [Failed evaluating policy on signed data during check policy on channel [allchannel] with policy [/Channel/Application/Readers]: [implicit policy evaluation failed - 0 sub-policies were satisfied, but this policy requires 1 of the 'Readers' sub-policies to be satisfied]]
2020-03-03 17:20:00 error: [object Object]
2020-03-03 17:20:00 info: Current Block Height : undefined
2020-03-03 17:20:00 info: ############# crontab END ################## 

2020-03-03 17:21:00 info: ############# crontab START ##################
2020-03-03 17:21:00 info: Successfully loaded admin from persistence
2020-03-03 17:21:00 error: Error: access denied for [GetChainInfo][allchannel]: [Failed evaluating policy on signed data during check policy on channel [allchannel] with policy [/Channel/Application/Readers]: [implicit policy evaluation failed - 0 sub-policies were satisfied, but this policy requires 1 of the 'Readers' sub-policies to be satisfied]]
2020-03-03 17:21:00 error: [object Object]
2020-03-03 17:21:00 info: Current Block Height : undefined
2020-03-03 17:21:00 info: ############# crontab END ################## 

2020-03-03 17:22:00 info: ############# crontab START ##################
2020-03-03 17:22:00 info: Successfully loaded admin from persistence
2020-03-03 17:22:00 error: Error: access denied for [GetChainInfo][allchannel]: [Failed evaluating policy on signed data during check policy on channel [allchannel] with policy [/Channel/Application/Readers]: [implicit policy evaluation failed - 0 sub-policies were satisfied, but this policy requires 1 of the 'Readers' sub-policies to be satisfied]]
2020-03-03 17:22:00 error: [object Object]
2020-03-03 17:22:00 info: Current Block Height : undefined
2020-03-03 17:22:00 info: ############# crontab END ################## 

2020-03-03 17:23:00 info: ############# crontab START ##################
2020-03-03 17:23:00 info: Successfully loaded admin from persistence
2020-03-03 17:23:00 error: Error: access denied for [GetChainInfo][allchannel]: [Failed evaluating policy on signed data during check policy on channel [allchannel] with policy [/Channel/Application/Readers]: [implicit policy evaluation failed - 0 sub-policies were satisfied, but this policy requires 1 of the 'Readers' sub-policies to be satisfied]]
2020-03-03 17:23:00 error: [object Object]
2020-03-03 17:23:00 info: Current Block Height : undefined
2020-03-03 17:23:00 info: ############# crontab END ################## 

2020-03-03 17:24:00 info: ############# crontab START ##################
2020-03-03 17:24:00 info: Successfully loaded admin from persistence
2020-03-03 17:24:00 error: Error: access denied for [GetChainInfo][allchannel]: [Failed evaluating policy on signed data during check policy on channel [allchannel] with policy [/Channel/Application/Readers]: [implicit policy evaluation failed - 0 sub-policies were satisfied, but this policy requires 1 of the 'Readers' sub-policies to be satisfied]]
2020-03-03 17:24:00 error: [object Object]
2020-03-03 17:24:00 info: Current Block Height : undefined
2020-03-03 17:24:00 info: ############# crontab END ################## 

2020-03-03 17:25:00 info: ############# crontab START ##################
2020-03-03 17:25:00 info: Successfully loaded admin from persistence
2020-03-03 17:25:00 error: Error: access denied for [GetChainInfo][allchannel]: [Failed evaluating policy on signed data during check policy on channel [allchannel] with policy [/Channel/Application/Readers]: [implicit policy evaluation failed - 0 sub-policies were satisfied, but this policy requires 1 of the 'Readers' sub-policies to be satisfied]]
2020-03-03 17:25:00 error: [object Object]
2020-03-03 17:25:00 info: Current Block Height : undefined
2020-03-03 17:25:00 info: ############# crontab END ################## 

2020-03-03 17:26:00 info: ############# crontab START ##################
2020-03-03 17:26:00 info: Successfully loaded admin from persistence
2020-03-03 17:26:00 error: Error: access denied for [GetChainInfo][allchannel]: [Failed evaluating policy on signed data during check policy on channel [allchannel] with policy [/Channel/Application/Readers]: [implicit policy evaluation failed - 0 sub-policies were satisfied, but this policy requires 1 of the 'Readers' sub-policies to be satisfied]]
2020-03-03 17:26:00 error: [object Object]
2020-03-03 17:26:00 info: Current Block Height : undefined
2020-03-03 17:26:00 info: ############# crontab END ################## 

2020-03-03 17:27:00 info: ############# crontab START ##################
2020-03-03 17:27:00 info: Successfully loaded admin from persistence
2020-03-03 17:27:00 error: Error: access denied for [GetChainInfo][allchannel]: [Failed evaluating policy on signed data during check policy on channel [allchannel] with policy [/Channel/Application/Readers]: [implicit policy evaluation failed - 0 sub-policies were satisfied, but this policy requires 1 of the 'Readers' sub-policies to be satisfied]]
2020-03-03 17:27:00 error: [object Object]
2020-03-03 17:27:00 info: Current Block Height : undefined
2020-03-03 17:27:00 info: ############# crontab END ################## 

2020-03-03 17:28:00 info: ############# crontab START ##################
2020-03-03 17:28:00 info: Successfully loaded admin from persistence
2020-03-03 17:28:00 error: Error: access denied for [GetChainInfo][allchannel]: [Failed evaluating policy on signed data during check policy on channel [allchannel] with policy [/Channel/Application/Readers]: [implicit policy evaluation failed - 0 sub-policies were satisfied, but this policy requires 1 of the 'Readers' sub-policies to be satisfied]]
2020-03-03 17:28:00 error: [object Object]
2020-03-03 17:28:00 info: Current Block Height : undefined
2020-03-03 17:28:00 info: ############# crontab END ################## 

2020-03-03 17:30:00 info: ############# crontab START ##################
2020-03-03 17:30:00 info: Successfully loaded admin from persistence
2020-03-03 17:30:00 error: Error: access denied for [GetChainInfo][allchannel]: [Failed evaluating policy on signed data during check policy on channel [allchannel] with policy [/Channel/Application/Readers]: [implicit policy evaluation failed - 0 sub-policies were satisfied, but this policy requires 1 of the 'Readers' sub-policies to be satisfied]]
2020-03-03 17:30:00 error: [object Object]
2020-03-03 17:30:00 info: Current Block Height : undefined
2020-03-03 17:30:00 info: ############# crontab END ################## 

2020-03-03 17:31:00 info: ############# crontab START ##################
2020-03-03 17:31:00 info: Successfully loaded admin from persistence
2020-03-03 17:31:00 error: Error: access denied for [GetChainInfo][allchannel]: [Failed evaluating policy on signed data during check policy on channel [allchannel] with policy [/Channel/Application/Readers]: [implicit policy evaluation failed - 0 sub-policies were satisfied, but this policy requires 1 of the 'Readers' sub-policies to be satisfied]]
2020-03-03 17:31:00 error: [object Object]
2020-03-03 17:31:00 info: Current Block Height : undefined
2020-03-03 17:31:00 info: ############# crontab END ################## 

2020-03-03 17:32:00 info: ############# crontab START ##################
2020-03-03 17:32:00 info: Successfully loaded admin from persistence
2020-03-03 17:32:00 error: Error: access denied for [GetChainInfo][allchannel]: [Failed evaluating policy on signed data during check policy on channel [allchannel] with policy [/Channel/Application/Readers]: [implicit policy evaluation failed - 0 sub-policies were satisfied, but this policy requires 1 of the 'Readers' sub-policies to be satisfied]]
2020-03-03 17:32:00 error: [object Object]
2020-03-03 17:32:00 info: Current Block Height : undefined
2020-03-03 17:32:00 info: ############# crontab END ################## 

2020-03-03 17:33:00 info: ############# crontab START ##################
2020-03-03 17:33:00 info: Successfully loaded admin from persistence
2020-03-03 17:33:00 error: Error: access denied for [GetChainInfo][allchannel]: [Failed evaluating policy on signed data during check policy on channel [allchannel] with policy [/Channel/Application/Readers]: [implicit policy evaluation failed - 0 sub-policies were satisfied, but this policy requires 1 of the 'Readers' sub-policies to be satisfied]]
2020-03-03 17:33:00 error: [object Object]
2020-03-03 17:33:00 info: Current Block Height : undefined
2020-03-03 17:33:00 info: ############# crontab END ################## 

2020-03-03 17:34:00 info: ############# crontab START ##################
2020-03-03 17:34:00 info: Successfully loaded admin from persistence
2020-03-03 17:34:00 error: Error: access denied for [GetChainInfo][allchannel]: [Failed evaluating policy on signed data during check policy on channel [allchannel] with policy [/Channel/Application/Readers]: [implicit policy evaluation failed - 0 sub-policies were satisfied, but this policy requires 1 of the 'Readers' sub-policies to be satisfied]]
2020-03-03 17:34:00 error: [object Object]
2020-03-03 17:34:00 info: Current Block Height : undefined
2020-03-03 17:34:00 info: ############# crontab END ################## 

2020-03-03 17:35:00 info: ############# crontab START ##################
2020-03-03 17:35:00 info: Successfully loaded admin from persistence
2020-03-03 17:35:00 error: Error: access denied for [GetChainInfo][allchannel]: [Failed evaluating policy on signed data during check policy on channel [allchannel] with policy [/Channel/Application/Readers]: [implicit policy evaluation failed - 0 sub-policies were satisfied, but this policy requires 1 of the 'Readers' sub-policies to be satisfied]]
2020-03-03 17:35:00 error: [object Object]
2020-03-03 17:35:00 info: Current Block Height : undefined
2020-03-03 17:35:00 info: ############# crontab END ################## 

2020-03-03 17:36:00 info: ############# crontab START ##################
2020-03-03 17:36:00 info: Successfully loaded admin from persistence
2020-03-03 17:36:00 error: Error: access denied for [GetChainInfo][allchannel]: [Failed evaluating policy on signed data during check policy on channel [allchannel] with policy [/Channel/Application/Readers]: [implicit policy evaluation failed - 0 sub-policies were satisfied, but this policy requires 1 of the 'Readers' sub-policies to be satisfied]]
2020-03-03 17:36:00 error: [object Object]
2020-03-03 17:36:00 info: Current Block Height : undefined
2020-03-03 17:36:00 info: ############# crontab END ################## 

2020-03-03 17:37:00 info: ############# crontab START ##################
2020-03-03 17:37:00 info: Successfully loaded admin from persistence
2020-03-03 17:37:00 error: Error: access denied for [GetChainInfo][allchannel]: [Failed evaluating policy on signed data during check policy on channel [allchannel] with policy [/Channel/Application/Readers]: [implicit policy evaluation failed - 0 sub-policies were satisfied, but this policy requires 1 of the 'Readers' sub-policies to be satisfied]]
2020-03-03 17:37:00 error: [object Object]
2020-03-03 17:37:00 info: Current Block Height : undefined
2020-03-03 17:37:00 info: ############# crontab END ################## 

2020-03-03 17:38:00 info: ############# crontab START ##################
2020-03-03 17:38:00 info: Successfully loaded admin from persistence
2020-03-03 17:38:00 error: Error: access denied for [GetChainInfo][allchannel]: [Failed evaluating policy on signed data during check policy on channel [allchannel] with policy [/Channel/Application/Readers]: [implicit policy evaluation failed - 0 sub-policies were satisfied, but this policy requires 1 of the 'Readers' sub-policies to be satisfied]]
2020-03-03 17:38:00 error: [object Object]
2020-03-03 17:38:00 info: Current Block Height : undefined
2020-03-03 17:38:00 info: ############# crontab END ################## 

2020-03-03 17:39:00 info: ############# crontab START ##################
2020-03-03 17:39:00 info: Successfully loaded admin from persistence
2020-03-03 17:39:00 error: Error: access denied for [GetChainInfo][allchannel]: [Failed evaluating policy on signed data during check policy on channel [allchannel] with policy [/Channel/Application/Readers]: [implicit policy evaluation failed - 0 sub-policies were satisfied, but this policy requires 1 of the 'Readers' sub-policies to be satisfied]]
2020-03-03 17:39:00 error: [object Object]
2020-03-03 17:39:00 info: Current Block Height : undefined
2020-03-03 17:39:00 info: ############# crontab END ################## 

2020-03-03 17:40:00 info: ############# crontab START ##################
2020-03-03 17:40:00 info: Successfully loaded admin from persistence
2020-03-03 17:40:00 error: Error: access denied for [GetChainInfo][allchannel]: [Failed evaluating policy on signed data during check policy on channel [allchannel] with policy [/Channel/Application/Readers]: [implicit policy evaluation failed - 0 sub-policies were satisfied, but this policy requires 1 of the 'Readers' sub-policies to be satisfied]]
2020-03-03 17:40:00 error: [object Object]
2020-03-03 17:40:00 info: Current Block Height : undefined
2020-03-03 17:40:00 info: ############# crontab END ################## 

2020-03-03 17:41:00 info: ############# crontab START ##################
2020-03-03 17:41:00 info: Successfully loaded admin from persistence
2020-03-03 17:41:00 error: Error: access denied for [GetChainInfo][allchannel]: [Failed evaluating policy on signed data during check policy on channel [allchannel] with policy [/Channel/Application/Readers]: [implicit policy evaluation failed - 0 sub-policies were satisfied, but this policy requires 1 of the 'Readers' sub-policies to be satisfied]]
2020-03-03 17:41:00 error: [object Object]
2020-03-03 17:41:00 info: Current Block Height : undefined
2020-03-03 17:41:00 info: ############# crontab END ################## 

2020-03-03 17:42:00 info: ############# crontab START ##################
2020-03-03 17:42:00 info: Successfully loaded admin from persistence
2020-03-03 17:42:00 error: Error: access denied for [GetChainInfo][allchannel]: [Failed evaluating policy on signed data during check policy on channel [allchannel] with policy [/Channel/Application/Readers]: [implicit policy evaluation failed - 0 sub-policies were satisfied, but this policy requires 1 of the 'Readers' sub-policies to be satisfied]]
2020-03-03 17:42:00 error: [object Object]
2020-03-03 17:42:00 info: Current Block Height : undefined
2020-03-03 17:42:00 info: ############# crontab END ################## 

2020-03-03 17:43:00 info: ############# crontab START ##################
2020-03-03 17:43:00 info: Successfully loaded admin from persistence
2020-03-03 17:43:00 error: Error: access denied for [GetChainInfo][allchannel]: [Failed evaluating policy on signed data during check policy on channel [allchannel] with policy [/Channel/Application/Readers]: [implicit policy evaluation failed - 0 sub-policies were satisfied, but this policy requires 1 of the 'Readers' sub-policies to be satisfied]]
2020-03-03 17:43:00 error: [object Object]
2020-03-03 17:43:00 info: Current Block Height : undefined
2020-03-03 17:43:00 info: ############# crontab END ################## 

2020-03-03 17:44:00 info: ############# crontab START ##################
2020-03-03 17:44:00 info: Successfully loaded admin from persistence
2020-03-03 17:44:00 error: Error: access denied for [GetChainInfo][allchannel]: [Failed evaluating policy on signed data during check policy on channel [allchannel] with policy [/Channel/Application/Readers]: [implicit policy evaluation failed - 0 sub-policies were satisfied, but this policy requires 1 of the 'Readers' sub-policies to be satisfied]]
2020-03-03 17:44:00 error: [object Object]
2020-03-03 17:44:00 info: Current Block Height : undefined
2020-03-03 17:44:00 info: ############# crontab END ################## 

2020-03-03 17:45:00 info: ############# crontab START ##################
2020-03-03 17:45:00 info: Successfully loaded admin from persistence
2020-03-03 17:45:00 error: Error: access denied for [GetChainInfo][allchannel]: [Failed evaluating policy on signed data during check policy on channel [allchannel] with policy [/Channel/Application/Readers]: [implicit policy evaluation failed - 0 sub-policies were satisfied, but this policy requires 1 of the 'Readers' sub-policies to be satisfied]]
2020-03-03 17:45:00 error: [object Object]
2020-03-03 17:45:00 info: Current Block Height : undefined
2020-03-03 17:45:00 info: ############# crontab END ################## 

2020-03-03 17:46:00 info: ############# crontab START ##################
2020-03-03 17:46:00 info: Successfully loaded admin from persistence
2020-03-03 17:46:00 error: Error: access denied for [GetChainInfo][allchannel]: [Failed evaluating policy on signed data during check policy on channel [allchannel] with policy [/Channel/Application/Readers]: [implicit policy evaluation failed - 0 sub-policies were satisfied, but this policy requires 1 of the 'Readers' sub-policies to be satisfied]]
2020-03-03 17:46:00 error: [object Object]
2020-03-03 17:46:00 info: Current Block Height : undefined
2020-03-03 17:46:00 info: ############# crontab END ################## 

2020-03-03 17:47:00 info: ############# crontab START ##################
2020-03-03 17:47:00 info: Successfully loaded admin from persistence
2020-03-03 17:47:00 error: Error: access denied for [GetChainInfo][allchannel]: [Failed evaluating policy on signed data during check policy on channel [allchannel] with policy [/Channel/Application/Readers]: [implicit policy evaluation failed - 0 sub-policies were satisfied, but this policy requires 1 of the 'Readers' sub-policies to be satisfied]]
2020-03-03 17:47:00 error: [object Object]
2020-03-03 17:47:00 info: Current Block Height : undefined
2020-03-03 17:47:00 info: ############# crontab END ################## 

2020-03-03 17:48:00 info: ############# crontab START ##################
2020-03-03 17:48:00 info: Successfully loaded admin from persistence
2020-03-03 17:48:00 error: Error: access denied for [GetChainInfo][allchannel]: [Failed evaluating policy on signed data during check policy on channel [allchannel] with policy [/Channel/Application/Readers]: [implicit policy evaluation failed - 0 sub-policies were satisfied, but this policy requires 1 of the 'Readers' sub-policies to be satisfied]]
2020-03-03 17:48:00 error: [object Object]
2020-03-03 17:48:00 info: Current Block Height : undefined
2020-03-03 17:48:00 info: ############# crontab END ################## 

2020-03-03 17:49:00 info: ############# crontab START ##################
2020-03-03 17:49:00 info: Successfully loaded admin from persistence
2020-03-03 17:49:00 error: Error: access denied for [GetChainInfo][allchannel]: [Failed evaluating policy on signed data during check policy on channel [allchannel] with policy [/Channel/Application/Readers]: [implicit policy evaluation failed - 0 sub-policies were satisfied, but this policy requires 1 of the 'Readers' sub-policies to be satisfied]]
2020-03-03 17:49:00 error: [object Object]
2020-03-03 17:49:00 info: Current Block Height : undefined
2020-03-03 17:49:00 info: ############# crontab END ################## 

2020-03-03 17:50:00 info: ############# crontab START ##################
2020-03-03 17:50:00 info: Successfully loaded admin from persistence
2020-03-03 17:50:00 error: Error: access denied for [GetChainInfo][allchannel]: [Failed evaluating policy on signed data during check policy on channel [allchannel] with policy [/Channel/Application/Readers]: [implicit policy evaluation failed - 0 sub-policies were satisfied, but this policy requires 1 of the 'Readers' sub-policies to be satisfied]]
2020-03-03 17:50:00 error: [object Object]
2020-03-03 17:50:00 info: Current Block Height : undefined
2020-03-03 17:50:00 info: ############# crontab END ################## 

2020-03-03 17:51:00 info: ############# crontab START ##################
2020-03-03 17:51:00 info: Successfully loaded admin from persistence
2020-03-03 17:51:00 error: Error: access denied for [GetChainInfo][allchannel]: [Failed evaluating policy on signed data during check policy on channel [allchannel] with policy [/Channel/Application/Readers]: [implicit policy evaluation failed - 0 sub-policies were satisfied, but this policy requires 1 of the 'Readers' sub-policies to be satisfied]]
2020-03-03 17:51:00 error: [object Object]
2020-03-03 17:51:00 info: Current Block Height : undefined
2020-03-03 17:51:00 info: ############# crontab END ################## 

2020-03-03 17:52:00 info: ############# crontab START ##################
2020-03-03 17:52:00 info: Successfully loaded admin from persistence
2020-03-03 17:52:00 error: Error: access denied for [GetChainInfo][allchannel]: [Failed evaluating policy on signed data during check policy on channel [allchannel] with policy [/Channel/Application/Readers]: [implicit policy evaluation failed - 0 sub-policies were satisfied, but this policy requires 1 of the 'Readers' sub-policies to be satisfied]]
2020-03-03 17:52:00 error: [object Object]
2020-03-03 17:52:00 info: Current Block Height : undefined
2020-03-03 17:52:00 info: ############# crontab END ################## 

2020-03-03 17:53:00 info: ############# crontab START ##################
2020-03-03 17:53:00 info: Successfully loaded admin from persistence
2020-03-03 17:53:00 error: Error: access denied for [GetChainInfo][allchannel]: [Failed evaluating policy on signed data during check policy on channel [allchannel] with policy [/Channel/Application/Readers]: [implicit policy evaluation failed - 0 sub-policies were satisfied, but this policy requires 1 of the 'Readers' sub-policies to be satisfied]]
2020-03-03 17:53:00 error: [object Object]
2020-03-03 17:53:00 info: Current Block Height : undefined
2020-03-03 17:53:00 info: ############# crontab END ################## 

2020-03-03 17:54:00 info: ############# crontab START ##################
2020-03-03 17:54:00 info: Successfully loaded admin from persistence
2020-03-03 17:54:00 error: Error: access denied for [GetChainInfo][allchannel]: [Failed evaluating policy on signed data during check policy on channel [allchannel] with policy [/Channel/Application/Readers]: [implicit policy evaluation failed - 0 sub-policies were satisfied, but this policy requires 1 of the 'Readers' sub-policies to be satisfied]]
2020-03-03 17:54:00 error: [object Object]
2020-03-03 17:54:00 info: Current Block Height : undefined
2020-03-03 17:54:00 info: ############# crontab END ################## 

2020-03-03 17:55:00 info: ############# crontab START ##################
2020-03-03 17:55:00 info: Successfully loaded admin from persistence
2020-03-03 17:55:00 error: Error: access denied for [GetChainInfo][allchannel]: [Failed evaluating policy on signed data during check policy on channel [allchannel] with policy [/Channel/Application/Readers]: [implicit policy evaluation failed - 0 sub-policies were satisfied, but this policy requires 1 of the 'Readers' sub-policies to be satisfied]]
2020-03-03 17:55:00 error: [object Object]
2020-03-03 17:55:00 info: Current Block Height : undefined
2020-03-03 17:55:00 info: ############# crontab END ################## 

2020-03-03 17:56:00 info: ############# crontab START ##################
2020-03-03 17:56:00 info: Successfully loaded admin from persistence
2020-03-03 17:56:00 error: Error: access denied for [GetChainInfo][allchannel]: [Failed evaluating policy on signed data during check policy on channel [allchannel] with policy [/Channel/Application/Readers]: [implicit policy evaluation failed - 0 sub-policies were satisfied, but this policy requires 1 of the 'Readers' sub-policies to be satisfied]]
2020-03-03 17:56:00 error: [object Object]
2020-03-03 17:56:00 info: Current Block Height : undefined
2020-03-03 17:56:00 info: ############# crontab END ################## 

2020-03-03 17:57:00 info: ############# crontab START ##################
2020-03-03 17:57:00 info: Successfully loaded admin from persistence
2020-03-03 17:57:00 error: Error: access denied for [GetChainInfo][allchannel]: [Failed evaluating policy on signed data during check policy on channel [allchannel] with policy [/Channel/Application/Readers]: [implicit policy evaluation failed - 0 sub-policies were satisfied, but this policy requires 1 of the 'Readers' sub-policies to be satisfied]]
2020-03-03 17:57:00 error: [object Object]
2020-03-03 17:57:00 info: Current Block Height : undefined
2020-03-03 17:57:00 info: ############# crontab END ################## 

2020-03-03 17:58:00 info: ############# crontab START ##################
2020-03-03 17:58:00 info: Successfully loaded admin from persistence
2020-03-03 17:58:00 error: Error: access denied for [GetChainInfo][allchannel]: [Failed evaluating policy on signed data during check policy on channel [allchannel] with policy [/Channel/Application/Readers]: [implicit policy evaluation failed - 0 sub-policies were satisfied, but this policy requires 1 of the 'Readers' sub-policies to be satisfied]]
2020-03-03 17:58:00 error: [object Object]
2020-03-03 17:58:00 info: Current Block Height : undefined
2020-03-03 17:58:00 info: ############# crontab END ################## 

2020-03-03 17:59:00 info: ############# crontab START ##################
2020-03-03 17:59:00 info: Successfully loaded admin from persistence
2020-03-03 17:59:00 error: Error: access denied for [GetChainInfo][allchannel]: [Failed evaluating policy on signed data during check policy on channel [allchannel] with policy [/Channel/Application/Readers]: [implicit policy evaluation failed - 0 sub-policies were satisfied, but this policy requires 1 of the 'Readers' sub-policies to be satisfied]]
2020-03-03 17:59:00 error: [object Object]
2020-03-03 17:59:00 info: Current Block Height : undefined
2020-03-03 17:59:00 info: ############# crontab END ################## 

2020-03-03 18:00:00 info: ############# crontab START ##################
2020-03-03 18:00:00 info: Successfully loaded admin from persistence
2020-03-03 18:00:00 error: Error: access denied for [GetChainInfo][allchannel]: [Failed evaluating policy on signed data during check policy on channel [allchannel] with policy [/Channel/Application/Readers]: [implicit policy evaluation failed - 0 sub-policies were satisfied, but this policy requires 1 of the 'Readers' sub-policies to be satisfied]]
2020-03-03 18:00:00 error: [object Object]
2020-03-03 18:00:00 info: Current Block Height : undefined
2020-03-03 18:00:00 info: ############# crontab END ################## 

2020-03-03 18:01:00 info: ############# crontab START ##################
2020-03-03 18:01:00 info: Successfully loaded admin from persistence
2020-03-03 18:01:00 error: Error: access denied for [GetChainInfo][allchannel]: [Failed evaluating policy on signed data during check policy on channel [allchannel] with policy [/Channel/Application/Readers]: [implicit policy evaluation failed - 0 sub-policies were satisfied, but this policy requires 1 of the 'Readers' sub-policies to be satisfied]]
2020-03-03 18:01:00 error: [object Object]
2020-03-03 18:01:00 info: Current Block Height : undefined
2020-03-03 18:01:00 info: ############# crontab END ################## 

2020-03-03 18:02:00 info: ############# crontab START ##################
2020-03-03 18:02:00 info: Successfully loaded admin from persistence
2020-03-03 18:02:00 error: Error: access denied for [GetChainInfo][allchannel]: [Failed evaluating policy on signed data during check policy on channel [allchannel] with policy [/Channel/Application/Readers]: [implicit policy evaluation failed - 0 sub-policies were satisfied, but this policy requires 1 of the 'Readers' sub-policies to be satisfied]]
2020-03-03 18:02:00 error: [object Object]
2020-03-03 18:02:00 info: Current Block Height : undefined
2020-03-03 18:02:00 info: ############# crontab END ################## 

2020-03-03 18:03:00 info: ############# crontab START ##################
2020-03-03 18:03:00 info: Successfully loaded admin from persistence
2020-03-03 18:03:00 error: Error: access denied for [GetChainInfo][allchannel]: [Failed evaluating policy on signed data during check policy on channel [allchannel] with policy [/Channel/Application/Readers]: [implicit policy evaluation failed - 0 sub-policies were satisfied, but this policy requires 1 of the 'Readers' sub-policies to be satisfied]]
2020-03-03 18:03:00 error: [object Object]
2020-03-03 18:03:00 info: Current Block Height : undefined
2020-03-03 18:03:00 info: ############# crontab END ################## 

2020-03-03 18:04:00 info: ############# crontab START ##################
2020-03-03 18:04:00 info: Successfully loaded admin from persistence
2020-03-03 18:04:00 error: Error: access denied for [GetChainInfo][allchannel]: [Failed evaluating policy on signed data during check policy on channel [allchannel] with policy [/Channel/Application/Readers]: [implicit policy evaluation failed - 0 sub-policies were satisfied, but this policy requires 1 of the 'Readers' sub-policies to be satisfied]]
2020-03-03 18:04:00 error: [object Object]
2020-03-03 18:04:00 info: Current Block Height : undefined
2020-03-03 18:04:00 info: ############# crontab END ################## 

2020-03-03 18:05:00 info: ############# crontab START ##################
2020-03-03 18:05:00 info: Successfully loaded admin from persistence
2020-03-03 18:05:00 error: Error: access denied for [GetChainInfo][allchannel]: [Failed evaluating policy on signed data during check policy on channel [allchannel] with policy [/Channel/Application/Readers]: [implicit policy evaluation failed - 0 sub-policies were satisfied, but this policy requires 1 of the 'Readers' sub-policies to be satisfied]]
2020-03-03 18:05:00 error: [object Object]
2020-03-03 18:05:00 info: Current Block Height : undefined
2020-03-03 18:05:00 info: ############# crontab END ################## 

2020-03-03 18:06:00 info: ############# crontab START ##################
2020-03-03 18:06:00 info: Successfully loaded admin from persistence
2020-03-03 18:06:00 error: Error: access denied for [GetChainInfo][allchannel]: [Failed evaluating policy on signed data during check policy on channel [allchannel] with policy [/Channel/Application/Readers]: [implicit policy evaluation failed - 0 sub-policies were satisfied, but this policy requires 1 of the 'Readers' sub-policies to be satisfied]]
2020-03-03 18:06:00 error: [object Object]
2020-03-03 18:06:00 info: Current Block Height : undefined
2020-03-03 18:06:00 info: ############# crontab END ################## 

2020-03-03 18:07:00 info: ############# crontab START ##################
2020-03-03 18:07:00 info: Successfully loaded admin from persistence
2020-03-03 18:07:00 error: Error: access denied for [GetChainInfo][allchannel]: [Failed evaluating policy on signed data during check policy on channel [allchannel] with policy [/Channel/Application/Readers]: [implicit policy evaluation failed - 0 sub-policies were satisfied, but this policy requires 1 of the 'Readers' sub-policies to be satisfied]]
2020-03-03 18:07:00 error: [object Object]
2020-03-03 18:07:00 info: Current Block Height : undefined
2020-03-03 18:07:00 info: ############# crontab END ################## 

2020-03-03 18:08:00 info: ############# crontab START ##################
2020-03-03 18:08:00 info: Successfully loaded admin from persistence
2020-03-03 18:08:00 error: Error: access denied for [GetChainInfo][allchannel]: [Failed evaluating policy on signed data during check policy on channel [allchannel] with policy [/Channel/Application/Readers]: [implicit policy evaluation failed - 0 sub-policies were satisfied, but this policy requires 1 of the 'Readers' sub-policies to be satisfied]]
2020-03-03 18:08:00 error: [object Object]
2020-03-03 18:08:00 info: Current Block Height : undefined
2020-03-03 18:08:00 info: ############# crontab END ################## 

2020-03-03 18:09:00 info: ############# crontab START ##################
2020-03-03 18:09:00 info: Successfully loaded admin from persistence
2020-03-03 18:09:00 error: Error: access denied for [GetChainInfo][allchannel]: [Failed evaluating policy on signed data during check policy on channel [allchannel] with policy [/Channel/Application/Readers]: [implicit policy evaluation failed - 0 sub-policies were satisfied, but this policy requires 1 of the 'Readers' sub-policies to be satisfied]]
2020-03-03 18:09:00 error: [object Object]
2020-03-03 18:09:00 info: Current Block Height : undefined
2020-03-03 18:09:00 info: ############# crontab END ################## 

2020-03-03 18:10:00 info: ############# crontab START ##################
2020-03-03 18:10:00 info: Successfully loaded admin from persistence
2020-03-03 18:10:00 error: Error: access denied for [GetChainInfo][allchannel]: [Failed evaluating policy on signed data during check policy on channel [allchannel] with policy [/Channel/Application/Readers]: [implicit policy evaluation failed - 0 sub-policies were satisfied, but this policy requires 1 of the 'Readers' sub-policies to be satisfied]]
2020-03-03 18:10:00 error: [object Object]
2020-03-03 18:10:00 info: Current Block Height : undefined
2020-03-03 18:10:00 info: ############# crontab END ################## 

2020-03-03 18:11:00 info: ############# crontab START ##################
2020-03-03 18:11:00 info: Successfully loaded admin from persistence
2020-03-03 18:11:00 error: Error: access denied for [GetChainInfo][allchannel]: [Failed evaluating policy on signed data during check policy on channel [allchannel] with policy [/Channel/Application/Readers]: [implicit policy evaluation failed - 0 sub-policies were satisfied, but this policy requires 1 of the 'Readers' sub-policies to be satisfied]]
2020-03-03 18:11:00 error: [object Object]
2020-03-03 18:11:00 info: Current Block Height : undefined
2020-03-03 18:11:00 info: ############# crontab END ################## 

2020-03-03 18:12:00 info: ############# crontab START ##################
2020-03-03 18:12:00 info: Successfully loaded admin from persistence
2020-03-03 18:12:00 error: Error: access denied for [GetChainInfo][allchannel]: [Failed evaluating policy on signed data during check policy on channel [allchannel] with policy [/Channel/Application/Readers]: [implicit policy evaluation failed - 0 sub-policies were satisfied, but this policy requires 1 of the 'Readers' sub-policies to be satisfied]]
2020-03-03 18:12:00 error: [object Object]
2020-03-03 18:12:00 info: Current Block Height : undefined
2020-03-03 18:12:00 info: ############# crontab END ################## 

2020-03-03 18:13:00 info: ############# crontab START ##################
2020-03-03 18:13:00 info: Successfully loaded admin from persistence
2020-03-03 18:13:00 error: Error: access denied for [GetChainInfo][allchannel]: [Failed evaluating policy on signed data during check policy on channel [allchannel] with policy [/Channel/Application/Readers]: [implicit policy evaluation failed - 0 sub-policies were satisfied, but this policy requires 1 of the 'Readers' sub-policies to be satisfied]]
2020-03-03 18:13:00 error: [object Object]
2020-03-03 18:13:00 info: Current Block Height : undefined
2020-03-03 18:13:00 info: ############# crontab END ################## 

2020-03-03 18:14:00 info: ############# crontab START ##################
2020-03-03 18:14:00 info: Successfully loaded admin from persistence
2020-03-03 18:14:00 error: Error: access denied for [GetChainInfo][allchannel]: [Failed evaluating policy on signed data during check policy on channel [allchannel] with policy [/Channel/Application/Readers]: [implicit policy evaluation failed - 0 sub-policies were satisfied, but this policy requires 1 of the 'Readers' sub-policies to be satisfied]]
2020-03-03 18:14:00 error: [object Object]
2020-03-03 18:14:00 info: Current Block Height : undefined
2020-03-03 18:14:00 info: ############# crontab END ################## 

2020-03-03 18:15:00 info: ############# crontab START ##################
2020-03-03 18:15:00 info: Successfully loaded admin from persistence
2020-03-03 18:15:00 error: Error: access denied for [GetChainInfo][allchannel]: [Failed evaluating policy on signed data during check policy on channel [allchannel] with policy [/Channel/Application/Readers]: [implicit policy evaluation failed - 0 sub-policies were satisfied, but this policy requires 1 of the 'Readers' sub-policies to be satisfied]]
2020-03-03 18:15:00 error: [object Object]
2020-03-03 18:15:00 info: Current Block Height : undefined
2020-03-03 18:15:00 info: ############# crontab END ################## 

2020-03-03 18:16:00 info: ############# crontab START ##################
2020-03-03 18:16:00 info: Successfully loaded admin from persistence
2020-03-03 18:16:00 error: Error: access denied for [GetChainInfo][allchannel]: [Failed evaluating policy on signed data during check policy on channel [allchannel] with policy [/Channel/Application/Readers]: [implicit policy evaluation failed - 0 sub-policies were satisfied, but this policy requires 1 of the 'Readers' sub-policies to be satisfied]]
2020-03-03 18:16:00 error: [object Object]
2020-03-03 18:16:00 info: Current Block Height : undefined
2020-03-03 18:16:00 info: ############# crontab END ################## 

2020-03-03 18:17:00 info: ############# crontab START ##################
2020-03-03 18:17:00 info: Successfully loaded admin from persistence
2020-03-03 18:17:00 error: Error: access denied for [GetChainInfo][allchannel]: [Failed evaluating policy on signed data during check policy on channel [allchannel] with policy [/Channel/Application/Readers]: [implicit policy evaluation failed - 0 sub-policies were satisfied, but this policy requires 1 of the 'Readers' sub-policies to be satisfied]]
2020-03-03 18:17:00 error: [object Object]
2020-03-03 18:17:00 info: Current Block Height : undefined
2020-03-03 18:17:00 info: ############# crontab END ################## 

2020-03-03 18:18:00 info: ############# crontab START ##################
2020-03-03 18:18:00 info: Successfully loaded admin from persistence
2020-03-03 18:18:00 error: Error: access denied for [GetChainInfo][allchannel]: [Failed evaluating policy on signed data during check policy on channel [allchannel] with policy [/Channel/Application/Readers]: [implicit policy evaluation failed - 0 sub-policies were satisfied, but this policy requires 1 of the 'Readers' sub-policies to be satisfied]]
2020-03-03 18:18:00 error: [object Object]
2020-03-03 18:18:00 info: Current Block Height : undefined
2020-03-03 18:18:00 info: ############# crontab END ################## 

2020-03-03 18:19:00 info: ############# crontab START ##################
2020-03-03 18:19:00 info: Successfully loaded admin from persistence
2020-03-03 18:19:00 error: Error: access denied for [GetChainInfo][allchannel]: [Failed evaluating policy on signed data during check policy on channel [allchannel] with policy [/Channel/Application/Readers]: [implicit policy evaluation failed - 0 sub-policies were satisfied, but this policy requires 1 of the 'Readers' sub-policies to be satisfied]]
2020-03-03 18:19:00 error: [object Object]
2020-03-03 18:19:00 info: Current Block Height : undefined
2020-03-03 18:19:00 info: ############# crontab END ################## 

2020-03-03 18:20:00 info: ############# crontab START ##################
2020-03-03 18:20:00 info: Successfully loaded admin from persistence
2020-03-03 18:20:00 error: Error: access denied for [GetChainInfo][allchannel]: [Failed evaluating policy on signed data during check policy on channel [allchannel] with policy [/Channel/Application/Readers]: [implicit policy evaluation failed - 0 sub-policies were satisfied, but this policy requires 1 of the 'Readers' sub-policies to be satisfied]]
2020-03-03 18:20:00 error: [object Object]
2020-03-03 18:20:00 info: Current Block Height : undefined
2020-03-03 18:20:00 info: ############# crontab END ################## 

2020-03-03 18:21:00 info: ############# crontab START ##################
2020-03-03 18:21:00 info: Successfully loaded admin from persistence
2020-03-03 18:21:00 error: Error: access denied for [GetChainInfo][allchannel]: [Failed evaluating policy on signed data during check policy on channel [allchannel] with policy [/Channel/Application/Readers]: [implicit policy evaluation failed - 0 sub-policies were satisfied, but this policy requires 1 of the 'Readers' sub-policies to be satisfied]]
2020-03-03 18:21:00 error: [object Object]
2020-03-03 18:21:00 info: Current Block Height : undefined
2020-03-03 18:21:00 info: ############# crontab END ################## 

2020-03-03 18:22:00 info: ############# crontab START ##################
2020-03-03 18:22:00 info: Successfully loaded admin from persistence
2020-03-03 18:22:00 error: Error: access denied for [GetChainInfo][allchannel]: [Failed evaluating policy on signed data during check policy on channel [allchannel] with policy [/Channel/Application/Readers]: [implicit policy evaluation failed - 0 sub-policies were satisfied, but this policy requires 1 of the 'Readers' sub-policies to be satisfied]]
2020-03-03 18:22:00 error: [object Object]
2020-03-03 18:22:00 info: Current Block Height : undefined
2020-03-03 18:22:00 info: ############# crontab END ################## 

2020-03-03 18:23:00 info: ############# crontab START ##################
2020-03-03 18:23:00 info: Successfully loaded admin from persistence
2020-03-03 18:23:00 error: Error: access denied for [GetChainInfo][allchannel]: [Failed evaluating policy on signed data during check policy on channel [allchannel] with policy [/Channel/Application/Readers]: [implicit policy evaluation failed - 0 sub-policies were satisfied, but this policy requires 1 of the 'Readers' sub-policies to be satisfied]]
2020-03-03 18:23:00 error: [object Object]
2020-03-03 18:23:00 info: Current Block Height : undefined
2020-03-03 18:23:00 info: ############# crontab END ################## 

2020-03-03 18:24:00 info: ############# crontab START ##################
2020-03-03 18:24:00 info: Successfully loaded admin from persistence
2020-03-03 18:24:00 error: Error: access denied for [GetChainInfo][allchannel]: [Failed evaluating policy on signed data during check policy on channel [allchannel] with policy [/Channel/Application/Readers]: [implicit policy evaluation failed - 0 sub-policies were satisfied, but this policy requires 1 of the 'Readers' sub-policies to be satisfied]]
2020-03-03 18:24:00 error: [object Object]
2020-03-03 18:24:00 info: Current Block Height : undefined
2020-03-03 18:24:00 info: ############# crontab END ################## 

