2020-03-16 10:59:00 info: ############# crontab START ##################
2020-03-16 10:59:00 info: Successfully loaded admin from persistence
2020-03-16 10:59:00 info: Query has completed, checking results
2020-03-16 10:59:00 info: Current Block Height : 8
2020-03-16 10:59:00 info: ############# crontab END ################## 

2020-03-16 11:00:00 info: ############# crontab START ##################
2020-03-16 11:00:00 info: Successfully loaded admin from persistence
2020-03-16 11:00:00 info: Query has completed, checking results
2020-03-16 11:00:00 info: Current Block Height : 8
2020-03-16 11:00:00 info: ############# crontab END ################## 

2020-03-16 11:01:00 info: ############# crontab START ##################
2020-03-16 11:01:00 info: Successfully loaded admin from persistence
2020-03-16 11:01:00 info: Query has completed, checking results
2020-03-16 11:01:00 info: Current Block Height : 8
2020-03-16 11:01:00 info: ############# crontab END ################## 

2020-03-16 11:02:00 info: ############# crontab START ##################
2020-03-16 11:02:00 info: Successfully loaded admin from persistence
2020-03-16 11:02:00 info: Query has completed, checking results
2020-03-16 11:02:00 info: Current Block Height : 8
2020-03-16 11:02:00 info: ############# crontab END ################## 

2020-03-16 11:03:00 info: ############# crontab START ##################
2020-03-16 11:03:00 info: Successfully loaded admin from persistence
2020-03-16 11:03:00 info: Query has completed, checking results
2020-03-16 11:03:00 info: Current Block Height : 8
2020-03-16 11:03:00 info: ############# crontab END ################## 

2020-03-16 11:04:00 info: ############# crontab START ##################
2020-03-16 11:04:00 info: Successfully loaded admin from persistence
2020-03-16 11:04:00 info: Query has completed, checking results
2020-03-16 11:04:00 info: Current Block Height : 8
2020-03-16 11:04:00 info: ############# crontab END ################## 

2020-03-16 11:05:00 info: ############# crontab START ##################
2020-03-16 11:05:00 info: Successfully loaded admin from persistence
2020-03-16 11:05:00 info: Query has completed, checking results
2020-03-16 11:05:00 info: Current Block Height : 8
2020-03-16 11:05:00 info: ############# crontab END ################## 

2020-03-16 11:06:00 info: ############# crontab START ##################
2020-03-16 11:06:00 info: Successfully loaded admin from persistence
2020-03-16 11:06:00 info: Query has completed, checking results
2020-03-16 11:06:00 info: Current Block Height : 8
2020-03-16 11:06:00 info: ############# crontab END ################## 

2020-03-16 11:07:00 info: ############# crontab START ##################
2020-03-16 11:07:00 info: Successfully loaded admin from persistence
2020-03-16 11:07:00 info: Query has completed, checking results
2020-03-16 11:07:00 info: Current Block Height : 8
2020-03-16 11:07:00 info: ############# crontab END ################## 

2020-03-16 11:08:00 info: ############# crontab START ##################
2020-03-16 11:08:00 info: Successfully loaded admin from persistence
2020-03-16 11:08:00 info: Query has completed, checking results
2020-03-16 11:08:00 info: Current Block Height : 8
2020-03-16 11:08:00 info: ############# crontab END ################## 

2020-03-16 11:09:00 info: ############# crontab START ##################
2020-03-16 11:09:00 info: Successfully loaded admin from persistence
2020-03-16 11:09:00 info: Query has completed, checking results
2020-03-16 11:09:00 info: Current Block Height : 8
2020-03-16 11:09:00 info: ############# crontab END ################## 

2020-03-16 11:10:00 info: ############# crontab START ##################
2020-03-16 11:10:00 info: Successfully loaded admin from persistence
2020-03-16 11:10:00 info: Query has completed, checking results
2020-03-16 11:10:00 info: Current Block Height : 8
2020-03-16 11:10:00 info: ############# crontab END ################## 

2020-03-16 11:11:00 info: ############# crontab START ##################
2020-03-16 11:11:00 info: Successfully loaded admin from persistence
2020-03-16 11:11:00 info: Query has completed, checking results
2020-03-16 11:11:00 info: Current Block Height : 8
2020-03-16 11:11:00 info: ############# crontab END ################## 

2020-03-16 11:12:00 info: ############# crontab START ##################
2020-03-16 11:12:00 info: Successfully loaded admin from persistence
2020-03-16 11:12:00 info: Query has completed, checking results
2020-03-16 11:12:00 info: Current Block Height : 8
2020-03-16 11:12:00 info: ############# crontab END ################## 

2020-03-16 11:13:00 info: ############# crontab START ##################
2020-03-16 11:13:00 info: Successfully loaded admin from persistence
2020-03-16 11:13:00 info: Query has completed, checking results
2020-03-16 11:13:00 info: Current Block Height : 8
2020-03-16 11:13:00 info: ############# crontab END ################## 

2020-03-16 11:14:00 info: ############# crontab START ##################
2020-03-16 11:14:00 info: Successfully loaded admin from persistence
2020-03-16 11:14:00 info: Query has completed, checking results
2020-03-16 11:14:00 info: Current Block Height : 8
2020-03-16 11:14:00 info: ############# crontab END ################## 

2020-03-16 11:15:00 info: ############# crontab START ##################
2020-03-16 11:15:00 info: Successfully loaded admin from persistence
2020-03-16 11:15:00 info: Query has completed, checking results
2020-03-16 11:15:00 info: Current Block Height : 8
2020-03-16 11:15:00 info: ############# crontab END ################## 

2020-03-16 11:16:00 info: ############# crontab START ##################
2020-03-16 11:16:00 info: Successfully loaded admin from persistence
2020-03-16 11:16:00 info: Query has completed, checking results
2020-03-16 11:16:00 info: Current Block Height : 8
2020-03-16 11:16:00 info: ############# crontab END ################## 

2020-03-16 11:17:00 info: ############# crontab START ##################
2020-03-16 11:17:00 info: Successfully loaded admin from persistence
2020-03-16 11:17:00 info: Query has completed, checking results
2020-03-16 11:17:00 info: Current Block Height : 8
2020-03-16 11:17:00 info: ############# crontab END ################## 

2020-03-16 11:18:00 info: ############# crontab START ##################
2020-03-16 11:18:00 info: Successfully loaded admin from persistence
2020-03-16 11:18:00 info: Query has completed, checking results
2020-03-16 11:18:00 info: Current Block Height : 8
2020-03-16 11:18:00 info: ############# crontab END ################## 

2020-03-16 11:19:00 info: ############# crontab START ##################
2020-03-16 11:19:00 info: Successfully loaded admin from persistence
2020-03-16 11:19:00 info: Query has completed, checking results
2020-03-16 11:19:00 info: Current Block Height : 8
2020-03-16 11:19:00 info: ############# crontab END ################## 

2020-03-16 11:20:00 info: ############# crontab START ##################
2020-03-16 11:20:00 info: Successfully loaded admin from persistence
2020-03-16 11:20:00 info: Query has completed, checking results
2020-03-16 11:20:00 info: Current Block Height : 8
2020-03-16 11:20:00 info: ############# crontab END ################## 

2020-03-16 11:21:00 info: ############# crontab START ##################
2020-03-16 11:21:00 info: Successfully loaded admin from persistence
2020-03-16 11:21:00 info: Query has completed, checking results
2020-03-16 11:21:00 info: Current Block Height : 8
2020-03-16 11:21:00 info: ############# crontab END ################## 

2020-03-16 11:22:00 info: ############# crontab START ##################
2020-03-16 11:22:00 info: Successfully loaded admin from persistence
2020-03-16 11:22:00 info: Query has completed, checking results
2020-03-16 11:22:00 info: Current Block Height : 8
2020-03-16 11:22:00 info: ############# crontab END ################## 

2020-03-16 11:44:00 info: ############# crontab START ##################
2020-03-16 11:44:00 info: Successfully loaded admin from persistence
2020-03-16 11:44:00 info: Query has completed, checking results
2020-03-16 11:44:00 info: Current Block Height : 8
2020-03-16 11:44:00 info: ############# crontab END ################## 

2020-03-16 11:56:00 info: ############# crontab START ##################
2020-03-16 11:56:00 info: Successfully loaded admin from persistence
2020-03-16 11:56:00 info: Query has completed, checking results
2020-03-16 11:56:00 info: Current Block Height : 8
2020-03-16 11:56:00 info: ############# crontab END ################## 

2020-03-16 12:12:00 info: ############# crontab START ##################
2020-03-16 12:12:00 info: Successfully loaded admin from persistence
2020-03-16 12:12:00 info: Query has completed, checking results
2020-03-16 12:12:00 info: Current Block Height : 8
2020-03-16 12:12:00 info: ############# crontab END ################## 

2020-03-16 12:13:00 info: ############# crontab START ##################
2020-03-16 12:13:00 info: Successfully loaded admin from persistence
2020-03-16 12:13:00 info: Query has completed, checking results
2020-03-16 12:13:00 info: Current Block Height : 8
2020-03-16 12:13:00 info: ############# crontab END ################## 

2020-03-16 12:14:00 info: ############# crontab START ##################
2020-03-16 12:14:00 info: Successfully loaded admin from persistence
2020-03-16 12:14:00 info: Query has completed, checking results
2020-03-16 12:14:00 info: Current Block Height : 8
2020-03-16 12:14:00 info: ############# crontab END ################## 

2020-03-16 12:15:00 info: ############# crontab START ##################
2020-03-16 12:15:00 info: Successfully loaded admin from persistence
2020-03-16 12:15:00 info: Query has completed, checking results
2020-03-16 12:15:00 info: Current Block Height : 8
2020-03-16 12:15:00 info: ############# crontab END ################## 

2020-03-16 12:16:00 info: ############# crontab START ##################
2020-03-16 12:16:00 info: Successfully loaded admin from persistence
2020-03-16 12:16:00 info: Query has completed, checking results
2020-03-16 12:16:00 info: Current Block Height : 8
2020-03-16 12:16:00 info: ############# crontab END ################## 

2020-03-16 12:17:00 info: ############# crontab START ##################
2020-03-16 12:17:00 info: Successfully loaded admin from persistence
2020-03-16 12:17:00 info: Query has completed, checking results
2020-03-16 12:17:00 info: Current Block Height : 8
2020-03-16 12:17:00 info: ############# crontab END ################## 

2020-03-16 12:18:00 info: ############# crontab START ##################
2020-03-16 12:18:00 info: Successfully loaded admin from persistence
2020-03-16 12:18:00 info: Query has completed, checking results
2020-03-16 12:18:00 info: Current Block Height : 8
2020-03-16 12:18:00 info: ############# crontab END ################## 

2020-03-16 12:19:00 info: ############# crontab START ##################
2020-03-16 12:19:00 info: Successfully loaded admin from persistence
2020-03-16 12:19:00 info: Query has completed, checking results
2020-03-16 12:19:00 info: Current Block Height : 8
2020-03-16 12:19:00 info: ############# crontab END ################## 

2020-03-16 12:20:00 info: ############# crontab START ##################
2020-03-16 12:20:00 info: Successfully loaded admin from persistence
2020-03-16 12:20:00 info: Query has completed, checking results
2020-03-16 12:20:00 info: Current Block Height : 8
2020-03-16 12:20:00 info: ############# crontab END ################## 

2020-03-16 12:21:00 info: ############# crontab START ##################
2020-03-16 12:21:00 info: Successfully loaded admin from persistence
2020-03-16 12:21:00 info: Query has completed, checking results
2020-03-16 12:21:00 info: Current Block Height : 8
2020-03-16 12:21:00 info: ############# crontab END ################## 

2020-03-16 12:22:00 info: ############# crontab START ##################
2020-03-16 12:22:00 info: Successfully loaded admin from persistence
2020-03-16 12:22:00 info: Query has completed, checking results
2020-03-16 12:22:00 info: Current Block Height : 8
2020-03-16 12:22:00 info: ############# crontab END ################## 

2020-03-16 12:23:00 info: ############# crontab START ##################
2020-03-16 12:23:00 info: Successfully loaded admin from persistence
2020-03-16 12:23:00 info: Query has completed, checking results
2020-03-16 12:23:00 info: Current Block Height : 8
2020-03-16 12:23:00 info: ############# crontab END ################## 

2020-03-16 12:24:00 info: ############# crontab START ##################
2020-03-16 12:24:00 info: Successfully loaded admin from persistence
2020-03-16 12:24:00 info: Query has completed, checking results
2020-03-16 12:24:00 info: Current Block Height : 8
2020-03-16 12:24:00 info: ############# crontab END ################## 

2020-03-16 12:25:00 info: ############# crontab START ##################
2020-03-16 12:25:00 info: Successfully loaded admin from persistence
2020-03-16 12:25:00 info: Query has completed, checking results
2020-03-16 12:25:00 info: Current Block Height : 8
2020-03-16 12:25:00 info: ############# crontab END ################## 

2020-03-16 12:59:00 info: ############# crontab START ##################
2020-03-16 12:59:00 info: Successfully loaded admin from persistence
2020-03-16 12:59:01 info: Query has completed, checking results
2020-03-16 12:59:01 info: Current Block Height : 8
2020-03-16 12:59:01 info: ############# crontab END ################## 

2020-03-16 13:00:00 info: ############# crontab START ##################
2020-03-16 13:00:00 info: Successfully loaded admin from persistence
2020-03-16 13:00:00 info: Query has completed, checking results
2020-03-16 13:00:00 info: Current Block Height : 8
2020-03-16 13:00:00 info: ############# crontab END ################## 

2020-03-16 13:04:00 info: ############# crontab START ##################
2020-03-16 13:04:00 info: Successfully loaded admin from persistence
2020-03-16 13:04:00 info: Query has completed, checking results
2020-03-16 13:04:00 info: Current Block Height : 8
2020-03-16 13:04:00 info: ############# crontab END ################## 

2020-03-16 13:05:00 info: ############# crontab START ##################
2020-03-16 13:05:00 info: Successfully loaded admin from persistence
2020-03-16 13:05:00 info: Query has completed, checking results
2020-03-16 13:05:00 info: Current Block Height : 8
2020-03-16 13:05:00 info: ############# crontab END ################## 

2020-03-16 13:06:00 info: ############# crontab START ##################
2020-03-16 13:06:00 info: Successfully loaded admin from persistence
2020-03-16 13:06:00 info: Query has completed, checking results
2020-03-16 13:06:00 info: Current Block Height : 8
2020-03-16 13:06:00 info: ############# crontab END ################## 

2020-03-16 13:07:00 info: ############# crontab START ##################
2020-03-16 13:07:00 info: Successfully loaded admin from persistence
2020-03-16 13:07:00 info: Query has completed, checking results
2020-03-16 13:07:00 info: Current Block Height : 8
2020-03-16 13:07:00 info: ############# crontab END ################## 

2020-03-16 13:08:00 info: ############# crontab START ##################
2020-03-16 13:08:00 info: Successfully loaded admin from persistence
2020-03-16 13:08:00 info: Query has completed, checking results
2020-03-16 13:08:00 info: Current Block Height : 8
2020-03-16 13:08:00 info: ############# crontab END ################## 

2020-03-16 13:09:00 info: ############# crontab START ##################
2020-03-16 13:09:00 info: Successfully loaded admin from persistence
2020-03-16 13:09:00 info: Query has completed, checking results
2020-03-16 13:09:00 info: Current Block Height : 8
2020-03-16 13:09:00 info: ############# crontab END ################## 

2020-03-16 13:10:00 info: ############# crontab START ##################
2020-03-16 13:10:00 info: Successfully loaded admin from persistence
2020-03-16 13:10:00 info: Query has completed, checking results
2020-03-16 13:10:00 info: Current Block Height : 8
2020-03-16 13:10:00 info: ############# crontab END ################## 

2020-03-16 13:11:00 info: ############# crontab START ##################
2020-03-16 13:11:00 info: Successfully loaded admin from persistence
2020-03-16 13:11:00 info: Query has completed, checking results
2020-03-16 13:11:00 info: Current Block Height : 8
2020-03-16 13:11:00 info: ############# crontab END ################## 

2020-03-16 13:12:00 info: ############# crontab START ##################
2020-03-16 13:12:00 info: Successfully loaded admin from persistence
2020-03-16 13:12:00 info: Query has completed, checking results
2020-03-16 13:12:00 info: Current Block Height : 8
2020-03-16 13:12:00 info: ############# crontab END ################## 

2020-03-16 13:13:00 info: ############# crontab START ##################
2020-03-16 13:13:00 info: Successfully loaded admin from persistence
2020-03-16 13:13:00 info: Query has completed, checking results
2020-03-16 13:13:00 info: Current Block Height : 8
2020-03-16 13:13:00 info: ############# crontab END ################## 

2020-03-16 13:14:00 info: ############# crontab START ##################
2020-03-16 13:14:00 info: Successfully loaded admin from persistence
2020-03-16 13:14:00 info: Query has completed, checking results
2020-03-16 13:14:00 info: Current Block Height : 8
2020-03-16 13:14:00 info: ############# crontab END ################## 

2020-03-16 13:15:00 info: ############# crontab START ##################
2020-03-16 13:15:00 info: Successfully loaded admin from persistence
2020-03-16 13:15:00 info: Query has completed, checking results
2020-03-16 13:15:00 info: Current Block Height : 8
2020-03-16 13:15:00 info: ############# crontab END ################## 

2020-03-16 13:16:00 info: ############# crontab START ##################
2020-03-16 13:16:00 info: Successfully loaded admin from persistence
2020-03-16 13:16:00 info: Query has completed, checking results
2020-03-16 13:16:00 info: Current Block Height : 8
2020-03-16 13:16:00 info: ############# crontab END ################## 

2020-03-16 13:17:00 info: ############# crontab START ##################
2020-03-16 13:17:00 info: Successfully loaded admin from persistence
2020-03-16 13:17:00 info: Query has completed, checking results
2020-03-16 13:17:00 info: Current Block Height : 8
2020-03-16 13:17:00 info: ############# crontab END ################## 

2020-03-16 13:18:00 info: ############# crontab START ##################
2020-03-16 13:18:00 info: Successfully loaded admin from persistence
2020-03-16 13:18:00 info: Query has completed, checking results
2020-03-16 13:18:00 info: Current Block Height : 8
2020-03-16 13:18:00 info: ############# crontab END ################## 

2020-03-16 13:19:00 info: ############# crontab START ##################
2020-03-16 13:19:00 info: Successfully loaded admin from persistence
2020-03-16 13:19:00 info: Query has completed, checking results
2020-03-16 13:19:00 info: Current Block Height : 8
2020-03-16 13:19:00 info: ############# crontab END ################## 

2020-03-16 13:20:00 info: ############# crontab START ##################
2020-03-16 13:20:00 info: Successfully loaded admin from persistence
2020-03-16 13:20:00 info: Query has completed, checking results
2020-03-16 13:20:00 info: Current Block Height : 8
2020-03-16 13:20:00 info: ############# crontab END ################## 

2020-03-16 13:21:00 info: ############# crontab START ##################
2020-03-16 13:21:00 info: Successfully loaded admin from persistence
2020-03-16 13:21:00 info: Query has completed, checking results
2020-03-16 13:21:00 info: Current Block Height : 8
2020-03-16 13:21:00 info: ############# crontab END ################## 

2020-03-16 13:22:00 info: ############# crontab START ##################
2020-03-16 13:22:00 info: Successfully loaded admin from persistence
2020-03-16 13:22:00 info: Query has completed, checking results
2020-03-16 13:22:00 info: Current Block Height : 8
2020-03-16 13:22:00 info: ############# crontab END ################## 

2020-03-16 13:23:00 info: ############# crontab START ##################
2020-03-16 13:23:00 info: Successfully loaded admin from persistence
2020-03-16 13:23:00 info: Query has completed, checking results
2020-03-16 13:23:00 info: Current Block Height : 8
2020-03-16 13:23:00 info: ############# crontab END ################## 

2020-03-16 13:24:00 info: ############# crontab START ##################
2020-03-16 13:24:00 info: Successfully loaded admin from persistence
2020-03-16 13:24:00 info: Query has completed, checking results
2020-03-16 13:24:00 info: Current Block Height : 8
2020-03-16 13:24:00 info: ############# crontab END ################## 

2020-03-16 13:25:00 info: ############# crontab START ##################
2020-03-16 13:25:00 info: Successfully loaded admin from persistence
2020-03-16 13:25:00 info: Query has completed, checking results
2020-03-16 13:25:00 info: Current Block Height : 8
2020-03-16 13:25:00 info: ############# crontab END ################## 

2020-03-16 13:26:00 info: ############# crontab START ##################
2020-03-16 13:26:00 info: Successfully loaded admin from persistence
2020-03-16 13:26:00 info: Query has completed, checking results
2020-03-16 13:26:00 info: Current Block Height : 8
2020-03-16 13:26:00 info: ############# crontab END ################## 

2020-03-16 13:27:00 info: ############# crontab START ##################
2020-03-16 13:27:00 info: Successfully loaded admin from persistence
2020-03-16 13:27:00 info: Query has completed, checking results
2020-03-16 13:27:00 info: Current Block Height : 8
2020-03-16 13:27:00 info: ############# crontab END ################## 

2020-03-16 13:28:00 info: ############# crontab START ##################
2020-03-16 13:28:00 info: Successfully loaded admin from persistence
2020-03-16 13:28:00 info: Query has completed, checking results
2020-03-16 13:28:00 info: Current Block Height : 8
2020-03-16 13:28:00 info: ############# crontab END ################## 

2020-03-16 13:29:00 info: ############# crontab START ##################
2020-03-16 13:29:00 info: Successfully loaded admin from persistence
2020-03-16 13:29:00 info: Query has completed, checking results
2020-03-16 13:29:00 info: Current Block Height : 8
2020-03-16 13:29:00 info: ############# crontab END ################## 

2020-03-16 13:30:00 info: ############# crontab START ##################
2020-03-16 13:30:00 info: Successfully loaded admin from persistence
2020-03-16 13:30:00 info: Query has completed, checking results
2020-03-16 13:30:00 info: Current Block Height : 8
2020-03-16 13:30:00 info: ############# crontab END ################## 

2020-03-16 13:31:00 info: ############# crontab START ##################
2020-03-16 13:31:00 info: Successfully loaded admin from persistence
2020-03-16 13:31:00 info: Query has completed, checking results
2020-03-16 13:31:00 info: Current Block Height : 8
2020-03-16 13:31:00 info: ############# crontab END ################## 

2020-03-16 13:32:00 info: ############# crontab START ##################
2020-03-16 13:32:00 info: Successfully loaded admin from persistence
2020-03-16 13:32:00 info: Query has completed, checking results
2020-03-16 13:32:00 info: Current Block Height : 8
2020-03-16 13:32:00 info: ############# crontab END ################## 

2020-03-16 13:33:00 info: ############# crontab START ##################
2020-03-16 13:33:00 info: Successfully loaded admin from persistence
2020-03-16 13:33:00 info: Query has completed, checking results
2020-03-16 13:33:00 info: Current Block Height : 8
2020-03-16 13:33:00 info: ############# crontab END ################## 

2020-03-16 13:34:00 info: ############# crontab START ##################
2020-03-16 13:34:00 info: Successfully loaded admin from persistence
2020-03-16 13:34:00 info: Query has completed, checking results
2020-03-16 13:34:00 info: Current Block Height : 8
2020-03-16 13:34:00 info: ############# crontab END ################## 

2020-03-16 13:35:00 info: ############# crontab START ##################
2020-03-16 13:35:00 info: Successfully loaded admin from persistence
2020-03-16 13:35:00 info: Query has completed, checking results
2020-03-16 13:35:00 info: Current Block Height : 8
2020-03-16 13:35:00 info: ############# crontab END ################## 

2020-03-16 13:36:00 info: ############# crontab START ##################
2020-03-16 13:36:00 info: Successfully loaded admin from persistence
2020-03-16 13:36:00 info: Query has completed, checking results
2020-03-16 13:36:00 info: Current Block Height : 8
2020-03-16 13:36:00 info: ############# crontab END ################## 

2020-03-16 13:37:00 info: ############# crontab START ##################
2020-03-16 13:37:00 info: Successfully loaded admin from persistence
2020-03-16 13:37:00 info: Query has completed, checking results
2020-03-16 13:37:00 info: Current Block Height : 8
2020-03-16 13:37:00 info: ############# crontab END ################## 

2020-03-16 13:38:00 info: ############# crontab START ##################
2020-03-16 13:38:00 info: Successfully loaded admin from persistence
2020-03-16 13:38:00 info: Query has completed, checking results
2020-03-16 13:38:00 info: Current Block Height : 8
2020-03-16 13:38:00 info: ############# crontab END ################## 

